2024-06-25T06:57:17.460Z [32minfo[39m: Fetching video information...
2024-06-25T06:57:18.778Z [32minfo[39m: Video information fetched successfully.
2024-06-25T06:57:18.779Z [32minfo[39m: Creating temp directory...
2024-06-25T06:57:18.780Z [32minfo[39m: Temp directory created.
2024-06-25T06:57:18.780Z [32minfo[39m: Starting audio conversion...
2024-06-25T06:57:19.041Z [32minfo[39m: Spawned ffmpeg with command:
2024-06-25T06:57:19.097Z [31merror[39m: Stderr output:
2024-06-25T06:57:19.097Z [31merror[39m: Stderr output:
2024-06-25T06:57:19.097Z [31merror[39m: Stderr output:
2024-06-25T06:57:19.097Z [31merror[39m: Stderr output:
2024-06-25T06:57:19.098Z [31merror[39m: Stderr output:
2024-06-25T06:57:19.098Z [31merror[39m: Stderr output:
2024-06-25T06:57:19.098Z [31merror[39m: Stderr output:
2024-06-25T06:57:19.098Z [31merror[39m: Stderr output:
2024-06-25T06:57:19.098Z [31merror[39m: Stderr output:
2024-06-25T06:57:19.098Z [31merror[39m: Stderr output:
2024-06-25T06:57:19.098Z [31merror[39m: Stderr output:
2024-06-25T06:57:19.280Z [31merror[39m: Stderr output:
2024-06-25T06:57:19.280Z [31merror[39m: Stderr output:
2024-06-25T06:57:19.280Z [31merror[39m: Stderr output:
2024-06-25T06:57:19.281Z [31merror[39m: Stderr output:
2024-06-25T06:57:19.281Z [31merror[39m: Stderr output:
2024-06-25T06:57:19.281Z [31merror[39m: Stderr output:
2024-06-25T06:57:19.281Z [31merror[39m: Stderr output:
2024-06-25T06:57:19.281Z [31merror[39m: Stderr output:
2024-06-25T06:57:19.281Z [31merror[39m: Stderr output:
2024-06-25T06:57:19.286Z [31merror[39m: Stderr output:
2024-06-25T06:57:19.287Z [31merror[39m: Stderr output:
2024-06-25T06:57:19.287Z [31merror[39m: Stderr output:
2024-06-25T06:57:19.287Z [31merror[39m: Stderr output:
2024-06-25T06:57:19.287Z [31merror[39m: Stderr output:
2024-06-25T06:57:19.287Z [31merror[39m: Stderr output:
2024-06-25T06:57:19.287Z [31merror[39m: Stderr output:
2024-06-25T06:57:19.287Z [32minfo[39m: Processing: 0% done
2024-06-25T06:57:19.782Z [31merror[39m: Stderr output:
2024-06-25T06:57:19.782Z [32minfo[39m: Processing: 21.555744611063847% done
2024-06-25T06:57:20.282Z [31merror[39m: Stderr output:
2024-06-25T06:57:20.282Z [32minfo[39m: Processing: 43.244739188815196% done
2024-06-25T06:57:20.783Z [31merror[39m: Stderr output:
2024-06-25T06:57:20.783Z [32minfo[39m: Processing: 66.24573343856663% done
2024-06-25T06:57:21.283Z [31merror[39m: Stderr output:
2024-06-25T06:57:21.283Z [32minfo[39m: Processing: 89.22622769344308% done
2024-06-25T06:57:21.515Z [31merror[39m: Stderr output:
2024-06-25T06:57:21.515Z [32minfo[39m: Processing: 99.94772501306873% done
2024-06-25T06:57:21.516Z [31merror[39m: Stderr output:
2024-06-25T06:57:21.521Z [31merror[39m: Stderr output:
2024-06-25T06:57:21.522Z [32minfo[39m: Conversion finished.
2024-06-25T06:57:21.522Z [32minfo[39m: Uploading converted file to Firebase Storage...
2024-06-25T06:57:22.577Z [32minfo[39m: Uploaded the file to Firebase Storage successfully!
2024-06-25T06:57:23.223Z [31merror[39m: Error during file upload or slug generation: 7 PERMISSION_DENIED: Cloud Firestore API has not been used in project yt-audio-downloader before or it is disabled. Enable it by visiting https://console.developers.google.com/apis/api/firestore.googleapis.com/overview?project=yt-audio-downloader then retry. If you enabled this API recently, wait a few minutes for the action to propagate to our systems and retry.
2024-06-25T06:57:23.228Z [32minfo[39m: ::1 - - [25/Jun/2024:06:57:23 +0000] "POST /api/ytdl/convertmp3 HTTP/1.1" 500 21 "-" "PostmanRuntime/7.37.3"
2024-06-25T07:41:05.197Z [32minfo[39m: Fetching video information...
2024-06-25T07:41:06.606Z [32minfo[39m: Video information fetched successfully.
2024-06-25T07:41:06.606Z [32minfo[39m: Starting audio conversion...
2024-06-25T07:41:06.615Z [32minfo[39m: Spawned ffmpeg with command:
2024-06-25T07:41:06.687Z [31merror[39m: Stderr output:
2024-06-25T07:41:06.687Z [31merror[39m: Stderr output:
2024-06-25T07:41:06.687Z [31merror[39m: Stderr output:
2024-06-25T07:41:06.687Z [31merror[39m: Stderr output:
2024-06-25T07:41:06.687Z [31merror[39m: Stderr output:
2024-06-25T07:41:06.687Z [31merror[39m: Stderr output:
2024-06-25T07:41:06.687Z [31merror[39m: Stderr output:
2024-06-25T07:41:06.687Z [31merror[39m: Stderr output:
2024-06-25T07:41:06.687Z [31merror[39m: Stderr output:
2024-06-25T07:41:06.687Z [31merror[39m: Stderr output:
2024-06-25T07:41:06.688Z [31merror[39m: Stderr output:
2024-06-25T07:41:06.923Z [31merror[39m: Stderr output:
2024-06-25T07:41:06.923Z [31merror[39m: Stderr output:
2024-06-25T07:41:06.923Z [31merror[39m: Stderr output:
2024-06-25T07:41:06.923Z [31merror[39m: Stderr output:
2024-06-25T07:41:06.923Z [31merror[39m: Stderr output:
2024-06-25T07:41:06.923Z [31merror[39m: Stderr output:
2024-06-25T07:41:06.924Z [31merror[39m: Stderr output:
2024-06-25T07:41:06.924Z [31merror[39m: Stderr output:
2024-06-25T07:41:06.924Z [31merror[39m: Stderr output:
2024-06-25T07:41:06.926Z [31merror[39m: Stderr output:
2024-06-25T07:41:06.926Z [31merror[39m: Stderr output:
2024-06-25T07:41:06.926Z [31merror[39m: Stderr output:
2024-06-25T07:41:06.927Z [31merror[39m: Stderr output:
2024-06-25T07:41:06.927Z [31merror[39m: Stderr output:
2024-06-25T07:41:06.927Z [31merror[39m: Stderr output:
2024-06-25T07:41:06.927Z [31merror[39m: Stderr output:
2024-06-25T07:41:06.927Z [32minfo[39m: Processing: undefined% done
2024-06-25T07:41:07.424Z [31merror[39m: Stderr output:
2024-06-25T07:41:07.425Z [32minfo[39m: Processing: 21.77099455725136% done
2024-06-25T07:41:07.924Z [31merror[39m: Stderr output:
2024-06-25T07:41:07.925Z [32minfo[39m: Processing: 43.962239009440246% done
2024-06-25T07:41:08.425Z [31merror[39m: Stderr output:
2024-06-25T07:41:08.425Z [32minfo[39m: Processing: 66.29698342575414% done
2024-06-25T07:41:08.924Z [31merror[39m: Stderr output:
2024-06-25T07:41:08.925Z [32minfo[39m: Processing: 88.38572790356802% done
2024-06-25T07:41:09.200Z [31merror[39m: Stderr output:
2024-06-25T07:41:09.200Z [32minfo[39m: Processing: 99.94772501306873% done
2024-06-25T07:41:09.200Z [31merror[39m: Stderr output:
2024-06-25T07:41:09.205Z [31merror[39m: Stderr output:
2024-06-25T07:41:09.206Z [32minfo[39m: Conversion finished.
2024-06-25T07:41:09.206Z [32minfo[39m: Uploading converted file to Firebase Storage...
2024-06-25T07:41:09.996Z [32minfo[39m: Uploaded the file to Firebase Storage successfully!
2024-06-25T07:41:16.196Z [32minfo[39m: Sending slug to client.
2024-06-25T07:41:16.199Z [32minfo[39m: ::1 - - [25/Jun/2024:07:41:16 +0000] "POST /api/ytdl/convertmp3 HTTP/1.1" 200 47 "-" "PostmanRuntime/7.37.3"
2024-06-25T07:41:31.868Z [32minfo[39m: ::1 - - [25/Jun/2024:07:41:31 +0000] "POST /api/ytdl/downloadmp3/0630515b-3feb-4ddc-8e2d-5452912bb592 HTTP/1.1" 404 197 "-" "PostmanRuntime/7.37.3"
2024-06-25T07:41:37.267Z [32minfo[39m: ::1 - - [25/Jun/2024:07:41:37 +0000] "GET /api/ytdl/downloadmp3/0630515b-3feb-4ddc-8e2d-5452912bb592 HTTP/1.1" 302 649 "-" "PostmanRuntime/7.37.3"
